-------------------------------------------------------------------------------
Test set: DefaultCustomArrayListTest
-------------------------------------------------------------------------------
Tests run: 8, Failures: 7, Errors: 1, Skipped: 0, Time elapsed: 0.041 s <<< FAILURE! - in DefaultCustomArrayListTest
DefaultCustomArrayListTest.testAddAndGetSize  Time elapsed: 0.018 s  <<< FAILURE!
org.opentest4j.AssertionFailedError: expected: <2> but was: <0>
	at DefaultCustomArrayListTest.testAddAndGetSize(DefaultCustomArrayListTest.java:21)

DefaultCustomArrayListTest.testGet  Time elapsed: 0.002 s  <<< FAILURE!
org.opentest4j.AssertionFailedError: expected: <1> but was: <null>
	at DefaultCustomArrayListTest.testGet(DefaultCustomArrayListTest.java:28)

DefaultCustomArrayListTest.testClear  Time elapsed: 0.001 s  <<< FAILURE!
org.opentest4j.AssertionFailedError: expected: <true> but was: <false>
	at DefaultCustomArrayListTest.testClear(DefaultCustomArrayListTest.java:47)

DefaultCustomArrayListTest.testContains  Time elapsed: 0 s  <<< FAILURE!
org.opentest4j.AssertionFailedError: expected: <true> but was: <false>
	at DefaultCustomArrayListTest.testContains(DefaultCustomArrayListTest.java:54)

DefaultCustomArrayListTest.testGetWithIndexOutOfBoundShouldThrowException  Time elapsed: 0.001 s  <<< FAILURE!
org.opentest4j.AssertionFailedError: Expected java.lang.IndexOutOfBoundsException to be thrown, but nothing was thrown.
	at DefaultCustomArrayListTest.testGetWithIndexOutOfBoundShouldThrowException(DefaultCustomArrayListTest.java:80)

DefaultCustomArrayListTest.testIsEmpty  Time elapsed: 0 s  <<< FAILURE!
org.opentest4j.AssertionFailedError: expected: <true> but was: <false>
	at DefaultCustomArrayListTest.testIsEmpty(DefaultCustomArrayListTest.java:60)

DefaultCustomArrayListTest.testRemove  Time elapsed: 0 s  <<< FAILURE!
org.opentest4j.AssertionFailedError: expected: <true> but was: <false>
	at DefaultCustomArrayListTest.testRemove(DefaultCustomArrayListTest.java:36)

DefaultCustomArrayListTest.testIterator  Time elapsed: 0 s  <<< ERROR!
java.lang.NullPointerException: Cannot invoke "java.util.Iterator.hasNext()" because "iterator" is null
	at DefaultCustomArrayListTest.testIterator(DefaultCustomArrayListTest.java:70)

