<?xml version="1.0" encoding="UTF-8"?>
<testsuite xmlns:xsi="http://www.w3.org/2001/XMLSchema-instance" xsi:noNamespaceSchemaLocation="https://maven.apache.org/surefire/maven-surefire-plugin/xsd/surefire-test-report-3.0.xsd" version="3.0" name="DefaultCustomArrayListTest" time="0.039" tests="8" errors="0" skipped="0" failures="0">
  <properties>
[...]
</properties>
  <testcase name="testAddAndGetSize" classname="DefaultCustomArrayListTest" time="0.016"/>
  <testcase name="testGet" classname="DefaultCustomArrayListTest" time="0.001"/>
  <testcase name="testClear" classname="DefaultCustomArrayListTest" time="0.001"/>
  <testcase name="testContains" classname="DefaultCustomArrayListTest" time="0"/>
  <testcase name="testGetWithIndexOutOfBoundShouldThrowException" classname="DefaultCustomArrayListTest" time="0.004"/>
  <testcase name="testIsEmpty" classname="DefaultCustomArrayListTest" time="0"/>
  <testcase name="testRemove" classname="DefaultCustomArrayListTest" time="0"/>
  <testcase name="testIterator" classname="DefaultCustomArrayListTest" time="0.001"/>
</testsuite>